<?xml version="1.0" encoding="UTF-8"?>
<!-- Generated by org.testng.reporters.JUnitReportReporter -->
<testsuite hostname="LISHANTH" failures="0" tests="2" name="restassured.Scenario" time="5.598" errors="0" timestamp="2021-08-25T13:23:05 IST" skipped="0">
  <testcase classname="restassured.Scenario" name="Scenario2" time="2.511"/>
  <system-out/>
  <testcase classname="restassured.Scenario" name="Scenario1" time="3.087"/>
  <system-out/>
</testsuite> <!-- restassured.Scenario -->
